<?xml version="1.0" encoding="UTF-8"?>
<!-- Generated by org.testng.reporters.JUnitReportReporter -->
<testsuite skipped="0" hostname="DESKTOP-QLG16RH" name="com.crm.qa.testcases.LoginPageTest" tests="3" failures="0" timestamp="14 Dec 2018 11:48:38 GMT" time="45.038" errors="0">
  <testcase name="loginPageTitleTest" time="11.355" classname="com.crm.qa.testcases.LoginPageTest"/>
  <testcase name="crmLoGoImageTest" time="10.460" classname="com.crm.qa.testcases.LoginPageTest"/>
  <testcase name="loginTest" time="23.223" classname="com.crm.qa.testcases.LoginPageTest"/>
</testsuite> <!-- com.crm.qa.testcases.LoginPageTest -->
