<?xml version="1.0" encoding="UTF-8"?>
<!-- Generated by org.testng.reporters.JUnitReportReporter -->
<testsuite skipped="0" hostname="DESKTOP-QLG16RH" name="com.crm.qa.testcases.HomePageTest" tests="3" failures="0" timestamp="18 Dec 2018 11:17:16 GMT" time="73.231" errors="0">
  <testcase name="verifyContactslinksTest" time="28.609" classname="com.crm.qa.testcases.HomePageTest"/>
  <testcase name="verifyHomePageTitleTest" time="21.667" classname="com.crm.qa.testcases.HomePageTest"/>
  <testcase name="verifyUsernameTest" time="22.955" classname="com.crm.qa.testcases.HomePageTest"/>
</testsuite> <!-- com.crm.qa.testcases.HomePageTest -->
